{"C:\\Users\\anouk\\OneDrive\\Documents\\GitHub\\deployJuillet\\api\\server.js": {"path":"C:\\Users\\anouk\\OneDrive\\Documents\\GitHub\\deployJuillet\\api\\server.js","statementMap":{"0":{"start":{"line":3,"column":16},"end":{"line":3,"column":34}},"1":{"start":{"line":4,"column":13},"end":{"line":4,"column":28}},"2":{"start":{"line":9,"column":12},"end":{"line":9,"column":21}},"3":{"start":{"line":11,"column":0},"end":{"line":15,"column":3}},"4":{"start":{"line":17,"column":0},"end":{"line":17,"column":23}},"5":{"start":{"line":18,"column":0},"end":{"line":18,"column":47}},"6":{"start":{"line":22,"column":22},"end":{"line":22,"column":49}},"7":{"start":{"line":27,"column":0},"end":{"line":27,"column":63}},"8":{"start":{"line":27,"column":27},"end":{"line":27,"column":62}},"9":{"start":{"line":29,"column":0},"end":{"line":29,"column":33}},"10":{"start":{"line":31,"column":0},"end":{"line":31,"column":83}},"11":{"start":{"line":31,"column":27},"end":{"line":31,"column":82}},"12":{"start":{"line":37,"column":17},"end":{"line":39,"column":2}},"13":{"start":{"line":38,"column":2},"end":{"line":38,"column":86}},"14":{"start":{"line":43,"column":0},"end":{"line":43,"column":25}}},"fnMap":{"0":{"name":"(anonymous_0)","decl":{"start":{"line":27,"column":13},"end":{"line":27,"column":14}},"loc":{"start":{"line":27,"column":27},"end":{"line":27,"column":62}},"line":27},"1":{"name":"(anonymous_1)","decl":{"start":{"line":31,"column":13},"end":{"line":31,"column":14}},"loc":{"start":{"line":31,"column":27},"end":{"line":31,"column":82}},"line":31},"2":{"name":"(anonymous_2)","decl":{"start":{"line":37,"column":53},"end":{"line":37,"column":54}},"loc":{"start":{"line":37,"column":59},"end":{"line":39,"column":1}},"line":37}},"branchMap":{},"s":{"0":1,"1":1,"2":1,"3":1,"4":1,"5":1,"6":1,"7":1,"8":1,"9":1,"10":1,"11":1,"12":1,"13":1,"14":1},"f":{"0":1,"1":1,"2":1},"b":{},"_coverageSchema":"1a1c01bbd47fc00a2c39e90264f33305004495a9","hash":"d3af03f35a74eabdf74b22e9ac75f7e6ef27e258"}
,"C:\\Users\\anouk\\OneDrive\\Documents\\GitHub\\deployJuillet\\api\\controllers\\marcel.js": {"path":"C:\\Users\\anouk\\OneDrive\\Documents\\GitHub\\deployJuillet\\api\\controllers\\marcel.js","statementMap":{"0":{"start":{"line":8,"column":0},"end":{"line":10,"column":1}},"1":{"start":{"line":9,"column":4},"end":{"line":9,"column":46}},"2":{"start":{"line":12,"column":0},"end":{"line":16,"column":1}},"3":{"start":{"line":13,"column":14},"end":{"line":13,"column":37}},"4":{"start":{"line":15,"column":4},"end":{"line":15,"column":56}},"5":{"start":{"line":18,"column":0},"end":{"line":20,"column":1}},"6":{"start":{"line":19,"column":4},"end":{"line":19,"column":49}},"7":{"start":{"line":22,"column":0},"end":{"line":26,"column":1}},"8":{"start":{"line":23,"column":14},"end":{"line":23,"column":37}},"9":{"start":{"line":25,"column":4},"end":{"line":25,"column":59}},"10":{"start":{"line":28,"column":0},"end":{"line":32,"column":1}},"11":{"start":{"line":29,"column":14},"end":{"line":29,"column":37}},"12":{"start":{"line":31,"column":4},"end":{"line":31,"column":35}}},"fnMap":{"0":{"name":"(anonymous_0)","decl":{"start":{"line":8,"column":24},"end":{"line":8,"column":25}},"loc":{"start":{"line":8,"column":38},"end":{"line":10,"column":1}},"line":8},"1":{"name":"(anonymous_1)","decl":{"start":{"line":12,"column":20},"end":{"line":12,"column":21}},"loc":{"start":{"line":12,"column":40},"end":{"line":16,"column":1}},"line":12},"2":{"name":"(anonymous_2)","decl":{"start":{"line":18,"column":20},"end":{"line":18,"column":21}},"loc":{"start":{"line":18,"column":40},"end":{"line":20,"column":1}},"line":18},"3":{"name":"(anonymous_3)","decl":{"start":{"line":22,"column":23},"end":{"line":22,"column":24}},"loc":{"start":{"line":22,"column":43},"end":{"line":26,"column":1}},"line":22},"4":{"name":"(anonymous_4)","decl":{"start":{"line":28,"column":24},"end":{"line":28,"column":25}},"loc":{"start":{"line":28,"column":38},"end":{"line":32,"column":1}},"line":28}},"branchMap":{},"s":{"0":1,"1":0,"2":1,"3":1,"4":1,"5":1,"6":0,"7":1,"8":0,"9":0,"10":1,"11":1,"12":1},"f":{"0":0,"1":1,"2":0,"3":0,"4":1},"b":{},"_coverageSchema":"1a1c01bbd47fc00a2c39e90264f33305004495a9","hash":"d2f5f49936cd4456d9d9bdd9326c5ac47847eeb6"}
,"C:\\Users\\anouk\\OneDrive\\Documents\\GitHub\\deployJuillet\\api\\routers\\marcel.js": {"path":"C:\\Users\\anouk\\OneDrive\\Documents\\GitHub\\deployJuillet\\api\\routers\\marcel.js","statementMap":{"0":{"start":{"line":3,"column":16},"end":{"line":3,"column":34}},"1":{"start":{"line":4,"column":19},"end":{"line":4,"column":51}},"2":{"start":{"line":8,"column":13},"end":{"line":8,"column":29}},"3":{"start":{"line":12,"column":0},"end":{"line":16,"column":2}},"4":{"start":{"line":13,"column":18},"end":{"line":13,"column":28}},"5":{"start":{"line":14,"column":4},"end":{"line":14,"column":49}},"6":{"start":{"line":15,"column":4},"end":{"line":15,"column":10}},"7":{"start":{"line":22,"column":0},"end":{"line":22,"column":41}},"8":{"start":{"line":24,"column":0},"end":{"line":24,"column":40}},"9":{"start":{"line":26,"column":0},"end":{"line":26,"column":36}},"10":{"start":{"line":28,"column":0},"end":{"line":28,"column":45}},"11":{"start":{"line":30,"column":0},"end":{"line":30,"column":46}},"12":{"start":{"line":32,"column":0},"end":{"line":32,"column":23}}},"fnMap":{"0":{"name":"(anonymous_0)","decl":{"start":{"line":12,"column":12},"end":{"line":12,"column":13}},"loc":{"start":{"line":12,"column":32},"end":{"line":16,"column":1}},"line":12}},"branchMap":{},"s":{"0":1,"1":1,"2":1,"3":1,"4":2,"5":2,"6":2,"7":1,"8":1,"9":1,"10":1,"11":1,"12":1},"f":{"0":2},"b":{},"_coverageSchema":"1a1c01bbd47fc00a2c39e90264f33305004495a9","hash":"13249e6c3ef284ac87406a26d4db98bbdb2a9d5a"}
}
